kotlin version: 2.0.21
error message: org.jetbrains.kotlin.backend.common.BackendException: Backend Internal error: Exception during IR lowering
File being compiled: C:/Users/ADITYA/AndroidStudioProjects/android_kotlin_attendance_tracker/app/src/main/java/com/technikh/employeeattendancetracking/ui/screens/attendance/MainAttendanceScreen.kt
The root cause java.lang.RuntimeException was thrown at: org.jetbrains.kotlin.backend.jvm.codegen.FunctionCodegen.generate(FunctionCodegen.kt:47)
	at org.jetbrains.kotlin.backend.common.CodegenUtil.reportBackendException(CodegenUtil.kt:253)
	at org.jetbrains.kotlin.backend.common.CodegenUtil.reportBackendException$default(CodegenUtil.kt:236)
	at org.jetbrains.kotlin.backend.common.phaser.PerformByIrFilePhase.invokeSequential(performByIrFile.kt:65)
	at org.jetbrains.kotlin.backend.common.phaser.PerformByIrFilePhase.invoke(performByIrFile.kt:52)
	at org.jetbrains.kotlin.backend.common.phaser.PerformByIrFilePhase.invoke(performByIrFile.kt:38)
	at org.jetbrains.kotlin.backend.common.phaser.NamedCompilerPhase.phaseBody(CompilerPhase.kt:166)
	at org.jetbrains.kotlin.backend.common.phaser.AbstractNamedCompilerPhase.invoke(CompilerPhase.kt:113)
	at org.jetbrains.kotlin.backend.common.phaser.CompositePhase.invoke(PhaseBuilders.kt:27)
	at org.jetbrains.kotlin.backend.common.phaser.CompositePhase.invoke(PhaseBuilders.kt:14)
	at org.jetbrains.kotlin.backend.common.phaser.NamedCompilerPhase.phaseBody(CompilerPhase.kt:166)
	at org.jetbrains.kotlin.backend.common.phaser.AbstractNamedCompilerPhase.invoke(CompilerPhase.kt:113)
	at org.jetbrains.kotlin.backend.common.phaser.CompilerPhaseKt.invokeToplevel(CompilerPhase.kt:62)
	at org.jetbrains.kotlin.backend.jvm.JvmIrCodegenFactory.invokeCodegen(JvmIrCodegenFactory.kt:371)
	at org.jetbrains.kotlin.codegen.CodegenFactory.generateModule(CodegenFactory.kt:47)
	at org.jetbrains.kotlin.backend.jvm.JvmIrCodegenFactory.generateModuleInFrontendIRMode(JvmIrCodegenFactory.kt:433)
	at org.jetbrains.kotlin.cli.jvm.compiler.pipeline.JvmCompilerPipelineKt.generateCodeFromIr(jvmCompilerPipeline.kt:246)
	at org.jetbrains.kotlin.cli.jvm.compiler.pipeline.JvmCompilerPipelineKt.compileModulesUsingFrontendIrAndLightTree(jvmCompilerPipeline.kt:142)
	at org.jetbrains.kotlin.cli.jvm.K2JVMCompiler.doExecute(K2JVMCompiler.kt:148)
	at org.jetbrains.kotlin.cli.jvm.K2JVMCompiler.doExecute(K2JVMCompiler.kt:43)
	at org.jetbrains.kotlin.cli.common.CLICompiler.execImpl(CLICompiler.kt:103)
	at org.jetbrains.kotlin.cli.common.CLICompiler.execImpl(CLICompiler.kt:49)
	at org.jetbrains.kotlin.cli.common.CLITool.exec(CLITool.kt:101)
	at org.jetbrains.kotlin.incremental.IncrementalJvmCompilerRunner.runCompiler(IncrementalJvmCompilerRunner.kt:464)
	at org.jetbrains.kotlin.incremental.IncrementalJvmCompilerRunner.runCompiler(IncrementalJvmCompilerRunner.kt:73)
	at org.jetbrains.kotlin.incremental.IncrementalCompilerRunner.doCompile(IncrementalCompilerRunner.kt:506)
	at org.jetbrains.kotlin.incremental.IncrementalCompilerRunner.compileImpl(IncrementalCompilerRunner.kt:423)
	at org.jetbrains.kotlin.incremental.IncrementalCompilerRunner.compileNonIncrementally(IncrementalCompilerRunner.kt:301)
	at org.jetbrains.kotlin.incremental.IncrementalCompilerRunner.compile(IncrementalCompilerRunner.kt:129)
	at org.jetbrains.kotlin.daemon.CompileServiceImplBase.execIncrementalCompiler(CompileServiceImpl.kt:675)
	at org.jetbrains.kotlin.daemon.CompileServiceImplBase.access$execIncrementalCompiler(CompileServiceImpl.kt:92)
	at org.jetbrains.kotlin.daemon.CompileServiceImpl.compile(CompileServiceImpl.kt:1660)
	at java.base/jdk.internal.reflect.DirectMethodHandleAccessor.invoke(Unknown Source)
	at java.base/java.lang.reflect.Method.invoke(Unknown Source)
	at java.rmi/sun.rmi.server.UnicastServerRef.dispatch(Unknown Source)
	at java.rmi/sun.rmi.transport.Transport$1.run(Unknown Source)
	at java.rmi/sun.rmi.transport.Transport$1.run(Unknown Source)
	at java.base/java.security.AccessController.doPrivileged(Unknown Source)
	at java.rmi/sun.rmi.transport.Transport.serviceCall(Unknown Source)
	at java.rmi/sun.rmi.transport.tcp.TCPTransport.handleMessages(Unknown Source)
	at java.rmi/sun.rmi.transport.tcp.TCPTransport$ConnectionHandler.run0(Unknown Source)
	at java.rmi/sun.rmi.transport.tcp.TCPTransport$ConnectionHandler.lambda$run$0(Unknown Source)
	at java.base/java.security.AccessController.doPrivileged(Unknown Source)
	at java.rmi/sun.rmi.transport.tcp.TCPTransport$ConnectionHandler.run(Unknown Source)
	at java.base/java.util.concurrent.ThreadPoolExecutor.runWorker(Unknown Source)
	at java.base/java.util.concurrent.ThreadPoolExecutor$Worker.run(Unknown Source)
	at java.base/java.lang.Thread.run(Unknown Source)
Caused by: java.lang.RuntimeException: Exception while generating code for:
FUN name:MainAttendanceScreen visibility:public modality:FINAL <> (employeeId:kotlin.String) returnType:kotlin.Unit
  annotations:
    Composable
  VALUE_PARAMETER name:employeeId index:0 type:kotlin.String
  BLOCK_BODY
    VAR name:context type:android.content.Context [val]
      CALL 'public final fun <get-current> (): T of androidx.compose.runtime.CompositionLocal [inline] declared in androidx.compose.runtime.CompositionLocal' type=android.content.Context origin=GET_PROPERTY
        $this: TYPE_OP type=androidx.compose.runtime.CompositionLocal<T of androidx.compose.runtime.CompositionLocal> origin=IMPLICIT_CAST typeOperand=androidx.compose.runtime.CompositionLocal<T of androidx.compose.runtime.CompositionLocal>
          CALL 'public final fun <get-LocalContext> (): androidx.compose.runtime.ProvidableCompositionLocal<android.content.Context> declared in androidx.compose.ui.platform.AndroidCompositionLocals_androidKt' type=androidx.compose.runtime.ProvidableCompositionLocal<android.content.Context> origin=GET_PROPERTY
    VAR name:database type:com.technikh.employeeattendancetracking.data.database.AppDatabase [val]
      CALL 'public final fun getDatabase (context: android.content.Context): com.technikh.employeeattendancetracking.data.database.AppDatabase declared in com.technikh.employeeattendancetracking.data.database.AppDatabase.Companion' type=com.technikh.employeeattendancetracking.data.database.AppDatabase origin=null
        $this: GET_FIELD 'FIELD FIELD_FOR_OBJECT_INSTANCE name:Companion type:com.technikh.employeeattendancetracking.data.database.AppDatabase.Companion visibility:public [final,static] declared in com.technikh.employeeattendancetracking.data.database.AppDatabase' type=com.technikh.employeeattendancetracking.data.database.AppDatabase.Companion origin=null
        context: GET_VAR 'val context: android.content.Context [val] declared in com.technikh.employeeattendancetracking.ui.screens.attendance.MainAttendanceScreenKt.MainAttendanceScreen' type=android.content.Context origin=null
    VAR name:viewModel type:com.technikh.employeeattendancetracking.viewmodel.AttendanceViewModel [val]
      TYPE_OP type=com.technikh.employeeattendancetracking.viewmodel.AttendanceViewModel origin=IMPLICIT_CAST typeOperand=com.technikh.employeeattendancetracking.viewmodel.AttendanceViewModel
        CALL 'public final fun viewModel$default <VM> (viewModelStoreOwner: androidx.lifecycle.ViewModelStoreOwner?, key: kotlin.String?, factory: androidx.lifecycle.ViewModelProvider.Factory?, extras: androidx.lifecycle.viewmodel.CreationExtras?, $mask0: kotlin.Int, $handler: kotlin.Any?): VM of androidx.lifecycle.viewmodel.compose.ViewModelKt.viewModel$default [inline] declared in androidx.lifecycle.viewmodel.compose.ViewModelKt' type=VM of androidx.lifecycle.viewmodel.compose.ViewModelKt.viewModel$default origin=DEFAULT_DISPATCH_CALL
          <VM>: com.technikh.employeeattendancetracking.viewmodel.AttendanceViewModel
          viewModelStoreOwner: COMPOSITE type=androidx.lifecycle.ViewModelStoreOwner? origin=DEFAULT_VALUE
            CONST Null type=androidx.lifecycle.ViewModelStoreOwner? value=null
          key: COMPOSITE type=kotlin.String? origin=DEFAULT_VALUE
            CONST Null type=kotlin.String? value=null
          factory: CONSTRUCTOR_CALL 'public constructor <init> (attendanceDao: com.technikh.employeeattendancetracking.data.database.daos.AttendanceDao, workReasonDao: com.technikh.employeeattendancetracking.data.database.daos.WorkReasonDao) [primary] declared in com.technikh.employeeattendancetracking.viewmodel.AttendanceViewModel.Factory' type=com.technikh.employeeattendancetracking.viewmodel.AttendanceViewModel.Factory origin=null
            attendanceDao: CALL 'public abstract fun attendanceDao (): com.technikh.employeeattendancetracking.data.database.daos.AttendanceDao declared in com.technikh.employeeattendancetracking.data.database.AppDatabase' type=com.technikh.employeeattendancetracking.data.database.daos.AttendanceDao origin=null
              $this: GET_VAR 'val database: com.technikh.employeeattendancetracking.data.database.AppDatabase [val] declared in com.technikh.employeeattendancetracking.ui.screens.attendance.MainAttendanceScreenKt.MainAttendanceScreen' type=com.technikh.employeeattendancetracking.data.database.AppDatabase origin=null
            workReasonDao: CALL 'public abstract fun workReasonDao (): com.technikh.employeeattendancetracking.data.database.daos.WorkReasonDao declared in com.technikh.employeeattendancetracking.data.database.AppDatabase' type=com.technikh.employeeattendancetracking.data.database.daos.WorkReasonDao origin=null
              $this: GET_VAR 'val database: com.technikh.employeeattendancetracking.data.database.AppDatabase [val] declared in com.technikh.employeeattendancetracking.ui.screens.attendance.MainAttendanceScreenKt.MainAttendanceScreen' type=com.technikh.employeeattendancetracking.data.database.AppDatabase origin=null
          extras: COMPOSITE type=androidx.lifecycle.viewmodel.CreationExtras? origin=DEFAULT_VALUE
            CONST Null type=androidx.lifecycle.viewmodel.CreationExtras? value=null
          $mask0: CONST Int type=kotlin.Int value=11
          $handler: CONST Null type=kotlin.Any? value=null
    CALL 'public final fun LaunchedEffect (key1: kotlin.Any?, block: @[ExtensionFunctionType] kotlin.coroutines.SuspendFunction1<kotlinx.coroutines.CoroutineScope, kotlin.Unit>): kotlin.Unit declared in androidx.compose.runtime.EffectsKt' type=kotlin.Unit origin=null
      key1: GET_VAR 'employeeId: kotlin.String declared in com.technikh.employeeattendancetracking.ui.screens.attendance.MainAttendanceScreenKt.MainAttendanceScreen' type=kotlin.String origin=null
      block: BLOCK type=com.technikh.employeeattendancetracking.ui.screens.attendance.MainAttendanceScreenKt.MainAttendanceScreen.<no name provided> origin=null
        CLASS SUSPEND_LAMBDA CLASS name:<no name provided> modality:FINAL visibility:public/*package*/ superTypes:[kotlin.coroutines.jvm.internal.SuspendLambda; kotlin.jvm.functions.Function2<kotlinx.coroutines.CoroutineScope, kotlin.coroutines.Continuation<kotlin.Unit>?, kotlin.Any?>]
          $this: VALUE_PARAMETER INSTANCE_RECEIVER name:<this> type:com.technikh.employeeattendancetracking.ui.screens.attendance.MainAttendanceScreenKt.MainAttendanceScreen.<no name provided>
          FIELD name:label type:kotlin.Int visibility:public/*package*/
          CONSTRUCTOR SUSPEND_LAMBDA visibility:public/*package*/ <> ($viewModel:com.technikh.employeeattendancetracking.viewmodel.AttendanceViewModel, $employeeId:kotlin.String, $completion:kotlin.coroutines.Continuation<com.technikh.employeeattendancetracking.ui.screens.attendance.MainAttendanceScreenKt.MainAttendanceScreen.<no name provided>>?) returnType:com.technikh.employeeattendancetracking.ui.screens.attendance.MainAttendanceScreenKt.MainAttendanceScreen.<no name provided> [primary]
            VALUE_PARAMETER BOUND_VALUE_PARAMETER name:$viewModel index:0 type:com.technikh.employeeattendancetracking.viewmodel.AttendanceViewModel
            VALUE_PARAMETER BOUND_VALUE_PARAMETER name:$employeeId index:1 type:kotlin.String
            VALUE_PARAMETER name:$completion index:2 type:kotlin.coroutines.Continuation<com.technikh.employeeattendancetracking.ui.screens.attendance.MainAttendanceScreenKt.MainAttendanceScreen.<no name provided>>?
            BLOCK_BODY
              SET_FIELD 'FIELD FIELD_FOR_CAPTURED_VALUE name:$viewModel type:com.technikh.employeeattendancetracking.viewmodel.AttendanceViewModel visibility:public/*package*/ [final] declared in com.technikh.employeeattendancetracking.ui.screens.attendance.MainAttendanceScreenKt.MainAttendanceScreen.<no name provided>' type=kotlin.Unit origin=INITIALIZER_OF_FIELD_FOR_CAPTURED_VALUE
                receiver: GET_VAR '<this>: com.technikh.employeeattendancetracking.ui.screens.attendance.MainAttendanceScreenKt.MainAttendanceScreen.<no name provided> declared in com.technikh.employeeattendancetracking.ui.screens.attendance.MainAttendanceScreenKt.MainAttendanceScreen.<no name provided>' type=com.technikh.employeeattendancetracking.ui.screens.attendance.MainAttendanceScreenKt.MainAttendanceScreen.<no name provided> origin=null
                value: GET_VAR '$viewModel: com.technikh.employeeattendancetracking.viewmodel.AttendanceViewModel declared in com.technikh.employeeattendancetracking.ui.screens.attendance.MainAttendanceScreenKt.MainAttendanceScreen.<no name provided>.<init>' type=com.technikh.employeeattendancetracking.viewmodel.AttendanceViewModel origin=null
              SET_FIELD 'FIELD FIELD_FOR_CAPTURED_VALUE name:$employeeId type:kotlin.String visibility:public/*package*/ [final] declared in com.technikh.employeeattendancetracking.ui.screens.attendance.MainAttendanceScreenKt.MainAttendanceScreen.<no name provided>' type=kotlin.Unit origin=INITIALIZER_OF_FIELD_FOR_CAPTURED_VALUE
                receiver: GET_VAR '<this>: com.technikh.employeeattendancetracking.ui.screens.attendance.MainAttendanceScreenKt.MainAttendanceScreen.<no name provided> declared in com.technikh.employeeattendancetracking.ui.screens.attendance.MainAttendanceScreenKt.MainAttendanceScreen.<no name provided>' type=com.technikh.employeeattendancetracking.ui.screens.attendance.MainAttendanceScreenKt.MainAttendanceScreen.<no name provided> origin=null
                value: GET_VAR '$employeeId: kotlin.String declared in com.technikh.employeeattendancetracking.ui.screens.attendance.MainAttendanceScreenKt.MainAttendanceScreen.<no name provided>.<init>' type=kotlin.String origin=null
              DELEGATING_CONSTRUCTOR_CALL 'public constructor <init> (arity: kotlin.Int, $completion: kotlin.coroutines.Continuation<kotlin.Any?>?) declared in kotlin.coroutines.jvm.internal.SuspendLambda'
                arity: CONST Int type=kotlin.Int value=2
                $completion: GET_VAR '$completion: kotlin.coroutines.Continuation<com.technikh.employeeattendancetracking.ui.screens.attendance.MainAttendanceScreenKt.MainAttendanceScreen.<no name provided>>? declared in com.technikh.employeeattendancetracking.ui.screens.attendance.MainAttendanceScreenKt.MainAttendanceScreen.<no name provided>.<init>' type=kotlin.coroutines.Continuation<com.technikh.employeeattendancetracking.ui.screens.attendance.MainAttendanceScreenKt.MainAttendanceScreen.<no name provided>>? origin=null
              BLOCK type=kotlin.Unit origin=null
          FUN name:invokeSuspend visibility:public modality:FINAL <> ($this:com.technikh.employeeattendancetracking.ui.screens.attendance.MainAttendanceScreenKt.MainAttendanceScreen.<no name provided>, $result:kotlin.Result<kotlin.Any?>) returnType:kotlin.Any?
            overridden:
              protected abstract fun invokeSuspend ($result: kotlin.Result<kotlin.Any?>): kotlin.Any? declared in kotlin.coroutines.jvm.internal.SuspendLambda
            $this: VALUE_PARAMETER INSTANCE_RECEIVER name:<this> type:com.technikh.employeeattendancetracking.ui.screens.attendance.MainAttendanceScreenKt.MainAttendanceScreen.<no name provided>
            VALUE_PARAMETER name:$result index:0 type:kotlin.Result<kotlin.Any?>
            BLOCK_BODY
              CALL 'public final fun loadEmployeeState (employeeId: kotlin.String): kotlin.Unit declared in com.technikh.employeeattendancetracking.viewmodel.AttendanceViewModel' type=kotlin.Unit origin=null
                $this: GET_FIELD 'FIELD FIELD_FOR_CAPTURED_VALUE name:$viewModel type:com.technikh.employeeattendancetracking.viewmodel.AttendanceViewModel visibility:public/*package*/ [final] declared in com.technikh.employeeattendancetracking.ui.screens.attendance.MainAttendanceScreenKt.MainAttendanceScreen.<no name provided>' type=com.technikh.employeeattendancetracking.viewmodel.AttendanceViewModel origin=null
                  receiver: GET_VAR '<this>: com.technikh.employeeattendancetracking.ui.screens.attendance.MainAttendanceScreenKt.MainAttendanceScreen.<no name provided> declared in com.technikh.employeeattendancetracking.ui.screens.attendance.MainAttendanceScreenKt.MainAttendanceScreen.<no name provided>.invokeSuspend' type=com.technikh.employeeattendancetracking.ui.screens.attendance.MainAttendanceScreenKt.MainAttendanceScreen.<no name provided> origin=null
                employeeId: GET_FIELD 'FIELD FIELD_FOR_CAPTURED_VALUE name:$employeeId type:kotlin.String visibility:public/*package*/ [final] declared in com.technikh.employeeattendancetracking.ui.screens.attendance.MainAttendanceScreenKt.MainAttendanceScreen.<no name provided>' type=kotlin.String origin=null
                  receiver: GET_VAR '<this>: com.technikh.employeeattendancetracking.ui.screens.attendance.MainAttendanceScreenKt.MainAttendanceScreen.<no name provided> declared in com.technikh.employeeattendancetracking.ui.screens.attendance.MainAttendanceScreenKt.MainAttendanceScreen.<no name provided>.invokeSuspend' type=com.technikh.employeeattendancetracking.ui.screens.attendance.MainAttendanceScreenKt.MainAttendanceScreen.<no name provided> origin=null
          FUN name:create visibility:public modality:FINAL <> ($this:com.technikh.employeeattendancetracking.ui.screens.attendance.MainAttendanceScreenKt.MainAttendanceScreen.<no name provided>, value:kotlin.Any?, $completion:kotlin.coroutines.Continuation<kotlin.Nothing>) returnType:kotlin.coroutines.Continuation<kotlin.Unit>
            overridden:
              public open fun create (value: kotlin.Any?, $completion: kotlin.coroutines.Continuation<kotlin.Nothing>): kotlin.coroutines.Continuation<kotlin.Unit> declared in kotlin.coroutines.jvm.internal.SuspendLambda
            $this: VALUE_PARAMETER INSTANCE_RECEIVER name:<this> type:com.technikh.employeeattendancetracking.ui.screens.attendance.MainAttendanceScreenKt.MainAttendanceScreen.<no name provided>
            VALUE_PARAMETER name:value index:0 type:kotlin.Any?
            VALUE_PARAMETER name:$completion index:1 type:kotlin.coroutines.Continuation<kotlin.Nothing>
            BLOCK_BODY
              RETURN type=kotlin.Nothing from='public final fun create (value: kotlin.Any?, $completion: kotlin.coroutines.Continuation<kotlin.Nothing>): kotlin.coroutines.Continuation<kotlin.Unit> declared in com.technikh.employeeattendancetracking.ui.screens.attendance.MainAttendanceScreenKt.MainAttendanceScreen.<no name provided>'
                CONSTRUCTOR_CALL 'public/*package*/ constructor <init> ($viewModel: com.technikh.employeeattendancetracking.viewmodel.AttendanceViewModel, $employeeId: kotlin.String, $completion: kotlin.coroutines.Continuation<com.technikh.employeeattendancetracking.ui.screens.attendance.MainAttendanceScreenKt.MainAttendanceScreen.<no name provided>>?) [primary] declared in com.technikh.employeeattendancetracking.ui.screens.attendance.MainAttendanceScreenKt.MainAttendanceScreen.<no name provided>' type=com.technikh.employeeattendancetracking.ui.screens.attendance.MainAttendanceScreenKt.MainAttendanceScreen.<no name provided> origin=null
                  $viewModel: GET_FIELD 'FIELD FIELD_FOR_CAPTURED_VALUE name:$viewModel type:com.technikh.employeeattendancetracking.viewmodel.AttendanceViewModel visibility:public/*package*/ [final] declared in com.technikh.employeeattendancetracking.ui.screens.attendance.MainAttendanceScreenKt.MainAttendanceScreen.<no name provided>' type=com.technikh.employeeattendancetracking.viewmodel.AttendanceViewModel origin=null
                    receiver: GET_VAR '<this>: com.technikh.employeeattendancetracking.ui.screens.attendance.MainAttendanceScreenKt.MainAttendanceScreen.<no name provided> declared in com.technikh.employeeattendancetracking.ui.screens.attendance.MainAttendanceScreenKt.MainAttendanceScreen.<no name provided>.create' type=com.technikh.employeeattendancetracking.ui.screens.attendance.MainAttendanceScreenKt.MainAttendanceScreen.<no name provided> origin=null
                  $employeeId: GET_FIELD 'FIELD FIELD_FOR_CAPTURED_VALUE name:$employeeId type:kotlin.String visibility:public/*package*/ [final] declared in com.technikh.employeeattendancetracking.ui.screens.attendance.MainAttendanceScreenKt.MainAttendanceScreen.<no name provided>' type=kotlin.String origin=null
                    receiver: GET_VAR '<this>: com.technikh.employeeattendancetracking.ui.screens.attendance.MainAttendanceScreenKt.MainAttendanceScreen.<no name provided> declared in com.technikh.employeeattendancetracking.ui.screens.attendance.MainAttendanceScreenKt.MainAttendanceScreen.<no name provided>.create' type=com.technikh.employeeattendancetracking.ui.screens.attendance.MainAttendanceScreenKt.MainAttendanceScreen.<no name provided> origin=null
                  $completion: GET_VAR '$completion: kotlin.coroutines.Continuation<kotlin.Nothing> declared in com.technikh.employeeattendancetracking.ui.screens.attendance.MainAttendanceScreenKt.MainAttendanceScreen.<no name provided>.create' type=kotlin.coroutines.Continuation<kotlin.Nothing> origin=null
          FUN name:invoke visibility:public modality:FINAL <> ($this:com.technikh.employeeattendancetracking.ui.screens.attendance.MainAttendanceScreenKt.MainAttendanceScreen.<no name provided>, p1:kotlinx.coroutines.CoroutineScope, p2:kotlin.coroutines.Continuation<kotlin.Unit>?) returnType:kotlin.Any?
            overridden:
              public abstract fun invoke (p1: P1 of kotlin.jvm.functions.Function2, p2: P2 of kotlin.jvm.functions.Function2): R of kotlin.jvm.functions.Function2 declared in kotlin.jvm.functions.Function2
            $this: VALUE_PARAMETER INSTANCE_RECEIVER name:<this> type:com.technikh.employeeattendancetracking.ui.screens.attendance.MainAttendanceScreenKt.MainAttendanceScreen.<no name provided>
            VALUE_PARAMETER name:p1 index:0 type:kotlinx.coroutines.CoroutineScope
            VALUE_PARAMETER name:p2 index:1 type:kotlin.coroutines.Continuation<kotlin.Unit>?
            BLOCK_BODY
              RETURN type=kotlin.Nothing from='public final fun invoke (p1: kotlinx.coroutines.CoroutineScope, p2: kotlin.coroutines.Continuation<kotlin.Unit>?): kotlin.Any? declared in com.technikh.employeeattendancetracking.ui.screens.attendance.MainAttendanceScreenKt.MainAttendanceScreen.<no name provided>'
                CALL 'public final fun invokeSuspend ($result: kotlin.Result<kotlin.Any?>): kotlin.Any? declared in com.technikh.employeeattendancetracking.ui.screens.attendance.MainAttendanceScreenKt.MainAttendanceScreen.<no name provided>' type=kotlin.Any? origin=null
                  $this: TYPE_OP type=com.technikh.employeeattendancetracking.ui.screens.attendance.MainAttendanceScreenKt.MainAttendanceScreen.<no name provided> origin=IMPLICIT_CAST typeOperand=com.technikh.employeeattendancetracking.ui.screens.attendance.MainAttendanceScreenKt.MainAttendanceScreen.<no name provided>
                    CALL 'public final fun create (value: kotlin.Any?, $completion: kotlin.coroutines.Continuation<kotlin.Nothing>): kotlin.coroutines.Continuation<kotlin.Unit> declared in com.technikh.employeeattendancetracking.ui.screens.attendance.MainAttendanceScreenKt.MainAttendanceScreen.<no name provided>' type=kotlin.coroutines.Continuation<kotlin.Unit> origin=null
                      $this: GET_VAR '<this>: com.technikh.employeeattendancetracking.ui.screens.attendance.MainAttendanceScreenKt.MainAttendanceScreen.<no name provided> declared in com.technikh.employeeattendancetracking.ui.screens.attendance.MainAttendanceScreenKt.MainAttendanceScreen.<no name provided>.invoke' type=com.technikh.employeeattendancetracking.ui.screens.attendance.MainAttendanceScreenKt.MainAttendanceScreen.<no name provided> origin=null
                      value: GET_VAR 'p1: kotlinx.coroutines.CoroutineScope declared in com.technikh.employeeattendancetracking.ui.screens.attendance.MainAttendanceScreenKt.MainAttendanceScreen.<no name provided>.invoke' type=kotlinx.coroutines.CoroutineScope origin=null
                      $completion: GET_VAR 'p2: kotlin.coroutines.Continuation<kotlin.Unit>? declared in com.technikh.employeeattendancetracking.ui.screens.attendance.MainAttendanceScreenKt.MainAttendanceScreen.<no name provided>.invoke' type=kotlin.coroutines.Continuation<kotlin.Unit>? origin=null
                  $result: CALL 'public final fun <unsafe-coerce> <T, R> (v: T of kotlin.jvm.internal.<unsafe-coerce>): R of kotlin.jvm.internal.<unsafe-coerce> declared in kotlin.jvm.internal' type=kotlin.Result<kotlin.Any?> origin=null
                    <T>: kotlin.Any?
                    <R>: kotlin.Result<kotlin.Any?>
                    v: GET_FIELD 'FIELD FIELD_FOR_OBJECT_INSTANCE name:INSTANCE type:kotlin.Unit visibility:public [final,static] declared in kotlin.Unit' type=kotlin.Unit origin=null
          FIELD FIELD_FOR_CAPTURED_VALUE name:$viewModel type:com.technikh.employeeattendancetracking.viewmodel.AttendanceViewModel visibility:public/*package*/ [final]
          FIELD FIELD_FOR_CAPTURED_VALUE name:$employeeId type:kotlin.String visibility:public/*package*/ [final]
          FUN BRIDGE name:invoke visibility:public modality:OPEN <> ($this:com.technikh.employeeattendancetracking.ui.screens.attendance.MainAttendanceScreenKt.MainAttendanceScreen.<no name provided>, p1:kotlin.Any?, p2:kotlin.Any?) returnType:kotlin.Any?
            $this: VALUE_PARAMETER INSTANCE_RECEIVER name:<this> type:com.technikh.employeeattendancetracking.ui.screens.attendance.MainAttendanceScreenKt.MainAttendanceScreen.<no name provided>
            VALUE_PARAMETER BRIDGE name:p1 index:0 type:kotlin.Any?
            VALUE_PARAMETER BRIDGE name:p2 index:1 type:kotlin.Any?
            EXPRESSION_BODY
              RETURN type=kotlin.Nothing from='public open fun invoke (p1: kotlin.Any?, p2: kotlin.Any?): kotlin.Any? declared in com.technikh.employeeattendancetracking.ui.screens.attendance.MainAttendanceScreenKt.MainAttendanceScreen.<no name provided>'
                CALL 'public final fun invoke (p1: kotlinx.coroutines.CoroutineScope, p2: kotlin.coroutines.Continuation<kotlin.Unit>?): kotlin.Any? declared in com.technikh.employeeattendancetracking.ui.screens.attendance.MainAttendanceScreenKt.MainAttendanceScreen.<no name provided>' type=kotlin.Any? origin=BRIDGE_DELEGATION
                  $this: GET_VAR '<this>: com.technikh.employeeattendancetracking.ui.screens.attendance.MainAttendanceScreenKt.MainAttendanceScreen.<no name provided> declared in com.technikh.employeeattendancetracking.ui.screens.attendance.MainAttendanceScreenKt.MainAttendanceScreen.<no name provided>.invoke' type=com.technikh.employeeattendancetracking.ui.screens.attendance.MainAttendanceScreenKt.MainAttendanceScreen.<no name provided> origin=null
                  p1: TYPE_OP type=kotlinx.coroutines.CoroutineScope origin=IMPLICIT_CAST typeOperand=kotlinx.coroutines.CoroutineScope
                    GET_VAR 'p1: kotlin.Any? declared in com.technikh.employeeattendancetracking.ui.screens.attendance.MainAttendanceScreenKt.MainAttendanceScreen.<no name provided>.invoke' type=kotlin.Any? origin=null
                  p2: TYPE_OP type=kotlin.coroutines.Continuation<*> origin=IMPLICIT_CAST typeOperand=kotlin.coroutines.Continuation<*>
                    GET_VAR 'p2: kotlin.Any? declared in com.technikh.employeeattendancetracking.ui.screens.attendance.MainAttendanceScreenKt.MainAttendanceScreen.<no name provided>.invoke' type=kotlin.Any? origin=null
        CONSTRUCTOR_CALL 'public/*package*/ constructor <init> ($viewModel: com.technikh.employeeattendancetracking.viewmodel.AttendanceViewModel, $employeeId: kotlin.String, $completion: kotlin.coroutines.Continuation<com.technikh.employeeattendancetracking.ui.screens.attendance.MainAttendanceScreenKt.MainAttendanceScreen.<no name provided>>?) [primary] declared in com.technikh.employeeattendancetracking.ui.screens.attendance.MainAttendanceScreenKt.MainAttendanceScreen.<no name provided>' type=com.technikh.employeeattendancetracking.ui.screens.attendance.MainAttendanceScreenKt.MainAttendanceScreen.<no name provided> origin=null
          $viewModel: GET_VAR 'val viewModel: com.technikh.employeeattendancetracking.viewmodel.AttendanceViewModel [val] declared in com.technikh.employeeattendancetracking.ui.screens.attendance.MainAttendanceScreenKt.MainAttendanceScreen' type=com.technikh.employeeattendancetracking.viewmodel.AttendanceViewModel origin=null
          $employeeId: GET_VAR 'employeeId: kotlin.String declared in com.technikh.employeeattendancetracking.ui.screens.attendance.MainAttendanceScreenKt.MainAttendanceScreen' type=kotlin.String origin=null
          $completion: CONST Null type=kotlin.Nothing? value=null
    VAR PROPERTY_DELEGATE name:isPunchedIn$delegate type:androidx.compose.runtime.State<kotlin.Boolean> [val]
      TYPE_OP type=androidx.compose.runtime.State<kotlin.Boolean> origin=IMPLICIT_CAST typeOperand=androidx.compose.runtime.State<kotlin.Boolean>
        CALL 'public final fun collectAsState$default <T> (context: kotlin.coroutines.CoroutineContext?, $mask0: kotlin.Int, $handler: kotlin.Any?): androidx.compose.runtime.State<T of androidx.compose.runtime.SnapshotStateKt.collectAsState$default> declared in androidx.compose.runtime.SnapshotStateKt' type=androidx.compose.runtime.State<T of androidx.compose.runtime.SnapshotStateKt.collectAsState$default> origin=DEFAULT_DISPATCH_CALL
          <T>: kotlin.Boolean
          $receiver: CALL 'public final fun <get-isPunchedIn> (): kotlinx.coroutines.flow.StateFlow<kotlin.Boolean> declared in com.technikh.employeeattendancetracking.viewmodel.AttendanceViewModel' type=kotlinx.coroutines.flow.StateFlow<kotlin.Boolean> origin=GET_PROPERTY
            $this: GET_VAR 'val viewModel: com.technikh.employeeattendancetracking.viewmodel.AttendanceViewModel [val] declared in com.technikh.employeeattendancetracking.ui.screens.attendance.MainAttendanceScreenKt.MainAttendanceScreen' type=com.technikh.employeeattendancetracking.viewmodel.AttendanceViewModel origin=null
          context: COMPOSITE type=kotlin.coroutines.CoroutineContext? origin=DEFAULT_VALUE
            CONST Null type=kotlin.coroutines.CoroutineContext? value=null
          $mask0: CONST Int type=kotlin.Int value=1
          $handler: CONST Null type=kotlin.Any? value=null
    BLOCK type=kotlin.Unit origin=ARGUMENTS_REORDERING_FOR_CALL
      VAR IR_TEMPORARY_VARIABLE name:tmp0_modifier type:androidx.compose.ui.Modifier [val]
        CALL 'public final fun padding-3ABfNKs (all: androidx.compose.ui.unit.Dp): androidx.compose.ui.Modifier declared in androidx.compose.foundation.layout.PaddingKt' type=androidx.compose.ui.Modifier origin=null
          $receiver: CALL 'public final fun fillMaxSize$default (fraction: kotlin.Float, $mask0: kotlin.Int, $handler: kotlin.Any?): androidx.compose.ui.Modifier declared in androidx.compose.foundation.layout.SizeKt' type=androidx.compose.ui.Modifier origin=DEFAULT_DISPATCH_CALL
            $receiver: GET_FIELD 'FIELD FIELD_FOR_OBJECT_INSTANCE name:Companion type:androidx.compose.ui.Modifier.Companion visibility:public [final,static] declared in androidx.compose.ui.Modifier' type=androidx.compose.ui.Modifier.Companion origin=null
            fraction: COMPOSITE type=kotlin.Float origin=DEFAULT_VALUE
              CONST Float type=kotlin.Float value=0.0
            $mask0: CONST Int type=kotlin.Int value=1
            $handler: CONST Null type=kotlin.Any? value=null
          all: CALL 'public final fun <get-dp> (): androidx.compose.ui.unit.Dp [inline] declared in androidx.compose.ui.unit.DpKt' type=androidx.compose.ui.unit.Dp origin=GET_PROPERTY
            $receiver: CONST Int type=kotlin.Int value=16
      VAR IR_TEMPORARY_VARIABLE name:tmp1_horizontalAlignment type:androidx.compose.ui.Alignment.Horizontal [val]
        CALL 'public final fun <get-CenterHorizontally> (): androidx.compose.ui.Alignment.Horizontal declared in androidx.compose.ui.Alignment.Companion' type=androidx.compose.ui.Alignment.Horizontal origin=GET_PROPERTY
          $this: GET_FIELD 'FIELD FIELD_FOR_OBJECT_INSTANCE name:Companion type:androidx.compose.ui.Alignment.Companion visibility:public [final,static] declared in androidx.compose.ui.Alignment' type=androidx.compose.ui.Alignment.Companion origin=null
      VAR IR_TEMPORARY_VARIABLE name:tmp2_verticalArrangement type:androidx.compose.foundation.layout.Arrangement.HorizontalOrVertical [val]
        CALL 'public final fun <get-Center> (): androidx.compose.foundation.layout.Arrangement.HorizontalOrVertical declared in androidx.compose.foundation.layout.Arrangement' type=androidx.compose.foundation.layout.Arrangement.HorizontalOrVertical origin=GET_PROPERTY
          $this: GET_FIELD 'FIELD FIELD_FOR_OBJECT_INSTANCE name:INSTANCE type:androidx.compose.foundation.layout.Arrangement visibility:public [final,static] declared in androidx.compose.foundation.layout.Arrangement' type=androidx.compose.foundation.layout.Arrangement origin=null
      CALL 'public final fun Column (modifier: androidx.compose.ui.Modifier, verticalArrangement: androidx.compose.foundation.layout.Arrangement.Vertical, horizontalAlignment: androidx.compose.ui.Alignment.Horizontal, content: @[Composable] @[ExtensionFunctionType] kotlin.Function1<androidx.compose.foundation.layout.ColumnScope, kotlin.Unit>): kotlin.Unit [inline] declared in androidx.compose.foundation.layout.ColumnKt' type=kotlin.Unit origin=null
        modifier: GET_VAR 'val tmp0_modifier: androidx.compose.ui.Modifier [val] declared in com.technikh.employeeattendancetracking.ui.screens.attendance.MainAttendanceScreenKt.MainAttendanceScreen' type=androidx.compose.ui.Modifier origin=null
        verticalArrangement: GET_VAR 'val tmp2_verticalArrangement: androidx.compose.foundation.layout.Arrangement.HorizontalOrVertical [val] declared in com.technikh.employeeattendancetracking.ui.screens.attendance.MainAttendanceScreenKt.MainAttendanceScreen' type=androidx.compose.foundation.layout.Arrangement.HorizontalOrVertical origin=null
        horizontalAlignment: GET_VAR 'val tmp1_horizontalAlignment: androidx.compose.ui.Alignment.Horizontal [val] declared in com.technikh.employeeattendancetracking.ui.screens.attendance.MainAttendanceScreenKt.MainAttendanceScreen' type=androidx.compose.ui.Alignment.Horizontal origin=null
        content: BLOCK type=@[ExtensionFunctionType] kotlin.Function1<androidx.compose.foundation.layout.ColumnScope, kotlin.Unit> origin=LAMBDA
          COMPOSITE type=kotlin.Unit origin=null
          FUNCTION_REFERENCE 'private final fun MainAttendanceScreen$lambda$5 ($employeeId: kotlin.String, $viewModel: com.technikh.employeeattendancetracking.viewmodel.AttendanceViewModel, $isPunchedIn$delegate: androidx.compose.runtime.State<kotlin.Boolean>): kotlin.Unit declared in com.technikh.employeeattendancetracking.ui.screens.attendance.MainAttendanceScreenKt' type=@[ExtensionFunctionType] kotlin.Function1<androidx.compose.foundation.layout.ColumnScope, kotlin.Unit> origin=INLINE_LAMBDA reflectionTarget=null
            $employeeId: GET_VAR 'employeeId: kotlin.String declared in com.technikh.employeeattendancetracking.ui.screens.attendance.MainAttendanceScreenKt.MainAttendanceScreen' type=kotlin.String origin=null
            $viewModel: GET_VAR 'val viewModel: com.technikh.employeeattendancetracking.viewmodel.AttendanceViewModel [val] declared in com.technikh.employeeattendancetracking.ui.screens.attendance.MainAttendanceScreenKt.MainAttendanceScreen' type=com.technikh.employeeattendancetracking.viewmodel.AttendanceViewModel origin=null
            $isPunchedIn$delegate: GET_VAR 'val isPunchedIn$delegate: androidx.compose.runtime.State<kotlin.Boolean> [val] declared in com.technikh.employeeattendancetracking.ui.screens.attendance.MainAttendanceScreenKt.MainAttendanceScreen' type=androidx.compose.runtime.State<kotlin.Boolean> origin=null

	at org.jetbrains.kotlin.backend.jvm.codegen.FunctionCodegen.generate(FunctionCodegen.kt:47)
	at org.jetbrains.kotlin.backend.jvm.codegen.FunctionCodegen.generate$default(FunctionCodegen.kt:40)
	at org.jetbrains.kotlin.backend.jvm.codegen.ClassCodegen.generateMethodNode(ClassCodegen.kt:406)
	at org.jetbrains.kotlin.backend.jvm.codegen.ClassCodegen.generateMethod(ClassCodegen.kt:423)
	at org.jetbrains.kotlin.backend.jvm.codegen.ClassCodegen.generate(ClassCodegen.kt:168)
	at org.jetbrains.kotlin.backend.jvm.FileCodegen.lower(JvmPhases.kt:39)
	at org.jetbrains.kotlin.backend.common.phaser.PhaseFactoriesKt.createFilePhase$lambda$4(PhaseFactories.kt:71)
	at org.jetbrains.kotlin.backend.common.phaser.PhaseBuildersKt$createSimpleNamedCompilerPhase$1.phaseBody(PhaseBuilders.kt:69)
	at org.jetbrains.kotlin.backend.common.phaser.SimpleNamedCompilerPhase.phaseBody(CompilerPhase.kt:226)
	at org.jetbrains.kotlin.backend.common.phaser.AbstractNamedCompilerPhase.invoke(CompilerPhase.kt:113)
	at org.jetbrains.kotlin.backend.common.phaser.PerformByIrFilePhase.invokeSequential(performByIrFile.kt:62)
	... 43 more
Caused by: org.jetbrains.kotlin.codegen.CompilationException: Back-end (JVM) Internal error: Couldn't inline method call: CALL 'public final fun <get-current> (): T of androidx.compose.runtime.CompositionLocal [inline] declared in androidx.compose.runtime.CompositionLocal' type=android.content.Context origin=GET_PROPERTY
Method: null
File is unknown
The root cause java.lang.IllegalStateException was thrown at: org.jetbrains.kotlin.codegen.inline.SourceCompilerForInlineKt.getMethodNode(SourceCompilerForInline.kt:118)
	at org.jetbrains.kotlin.codegen.inline.InlineCodegen.performInline(InlineCodegen.kt:65)
	at org.jetbrains.kotlin.backend.jvm.codegen.IrInlineCodegen.genInlineCall(IrInlineCodegen.kt:163)
	at org.jetbrains.kotlin.backend.jvm.codegen.IrInlineCallGenerator.genCall(IrInlineCallGenerator.kt:36)
	at org.jetbrains.kotlin.backend.jvm.codegen.ExpressionCodegen.visitCall(ExpressionCodegen.kt:653)
	at org.jetbrains.kotlin.backend.jvm.codegen.ExpressionCodegen.visitCall(ExpressionCodegen.kt:138)
	at org.jetbrains.kotlin.ir.expressions.IrCall.accept(IrCall.kt:24)
	at org.jetbrains.kotlin.backend.jvm.codegen.ExpressionCodegen.visitVariable(ExpressionCodegen.kt:790)
	at org.jetbrains.kotlin.backend.jvm.codegen.ExpressionCodegen.visitVariable(ExpressionCodegen.kt:138)
	at org.jetbrains.kotlin.ir.declarations.IrVariable.accept(IrVariable.kt:36)
	at org.jetbrains.kotlin.backend.jvm.codegen.ExpressionCodegen.visitStatementContainer(ExpressionCodegen.kt:579)
	at org.jetbrains.kotlin.backend.jvm.codegen.ExpressionCodegen.visitBlockBody(ExpressionCodegen.kt:584)
	at org.jetbrains.kotlin.backend.jvm.codegen.ExpressionCodegen.visitBlockBody(ExpressionCodegen.kt:138)
	at org.jetbrains.kotlin.ir.expressions.IrBlockBody.accept(IrBlockBody.kt:20)
	at org.jetbrains.kotlin.backend.jvm.codegen.ExpressionCodegen.generate(ExpressionCodegen.kt:240)
	at org.jetbrains.kotlin.backend.jvm.codegen.FunctionCodegen.doGenerate(FunctionCodegen.kt:123)
	at org.jetbrains.kotlin.backend.jvm.codegen.FunctionCodegen.generate(FunctionCodegen.kt:44)
	... 53 more
Caused by: java.lang.IllegalStateException: couldn't find inline method Landroidx/compose/runtime/CompositionLocal;.getCurrent()Ljava/lang/Object;
	at org.jetbrains.kotlin.codegen.inline.SourceCompilerForInlineKt.getMethodNode(SourceCompilerForInline.kt:118)
	at org.jetbrains.kotlin.codegen.inline.SourceCompilerForInlineKt.loadCompiledInlineFunction(SourceCompilerForInline.kt:96)
	at org.jetbrains.kotlin.backend.jvm.codegen.IrSourceCompilerForInline.compileInlineFunction(IrSourceCompilerForInline.kt:91)
	at org.jetbrains.kotlin.codegen.inline.InlineCodegen.compileInline(InlineCodegen.kt:43)
	at org.jetbrains.kotlin.codegen.inline.InlineCodegen.performInline(InlineCodegen.kt:51)
	... 68 more


